{"/home/ripterdust/repos/idukay/src/misc/responses.response.ts": {"path":"/home/ripterdust/repos/idukay/src/misc/responses.response.ts","all":false,"statementMap":{"0":{"start":{"line":1,"column":0},"end":{"line":1,"column":43}},"1":{"start":{"line":2,"column":0},"end":{"line":2,"column":0}},"2":{"start":{"line":3,"column":0},"end":{"line":3,"column":91}}},"s":{"0":1,"1":1,"2":1},"branchMap":{},"b":{},"fnMap":{},"f":{}}
,"/home/ripterdust/repos/idukay/src/utils/calculateMatter.util.ts": {"path":"/home/ripterdust/repos/idukay/src/utils/calculateMatter.util.ts","all":false,"statementMap":{"0":{"start":{"line":1,"column":0},"end":{"line":1,"column":54}},"1":{"start":{"line":2,"column":0},"end":{"line":2,"column":52}},"2":{"start":{"line":3,"column":0},"end":{"line":3,"column":0}},"3":{"start":{"line":4,"column":0},"end":{"line":4,"column":32}},"4":{"start":{"line":5,"column":0},"end":{"line":5,"column":24}},"5":{"start":{"line":6,"column":0},"end":{"line":6,"column":25}},"6":{"start":{"line":7,"column":0},"end":{"line":7,"column":24}},"7":{"start":{"line":8,"column":0},"end":{"line":8,"column":23}},"8":{"start":{"line":9,"column":0},"end":{"line":9,"column":14}},"9":{"start":{"line":10,"column":0},"end":{"line":10,"column":66}},"10":{"start":{"line":11,"column":0},"end":{"line":11,"column":71}},"11":{"start":{"line":12,"column":0},"end":{"line":12,"column":20}},"12":{"start":{"line":13,"column":0},"end":{"line":13,"column":1}}},"s":{"0":1,"1":1,"2":1,"3":1,"4":9,"5":9,"6":9,"7":9,"8":9,"9":9,"10":9,"11":5,"12":5},"branchMap":{"0":{"type":"branch","line":4,"loc":{"start":{"line":4,"column":31},"end":{"line":13,"column":1}},"locations":[{"start":{"line":4,"column":31},"end":{"line":13,"column":1}}]},"1":{"type":"branch","line":10,"loc":{"start":{"line":10,"column":24},"end":{"line":10,"column":45}},"locations":[{"start":{"line":10,"column":24},"end":{"line":10,"column":45}}]},"2":{"type":"branch","line":10,"loc":{"start":{"line":10,"column":45},"end":{"line":10,"column":65}},"locations":[{"start":{"line":10,"column":45},"end":{"line":10,"column":65}}]},"3":{"type":"branch","line":11,"loc":{"start":{"line":11,"column":8},"end":{"line":11,"column":71}},"locations":[{"start":{"line":11,"column":8},"end":{"line":11,"column":71}}]},"4":{"type":"branch","line":12,"loc":{"start":{"line":12,"column":-1},"end":{"line":13,"column":1}},"locations":[{"start":{"line":12,"column":-1},"end":{"line":13,"column":1}}]}},"b":{"0":[9],"1":[6],"2":[6],"3":[4],"4":[5]},"fnMap":{"0":{"name":"calculateMatter","decl":{"start":{"line":4,"column":31},"end":{"line":13,"column":1}},"loc":{"start":{"line":4,"column":31},"end":{"line":13,"column":1}},"line":4}},"f":{"0":9}}
,"/home/ripterdust/repos/idukay/src/utils/calculateOperatingTime.util.ts": {"path":"/home/ripterdust/repos/idukay/src/utils/calculateOperatingTime.util.ts","all":false,"statementMap":{"0":{"start":{"line":1,"column":0},"end":{"line":1,"column":77}},"1":{"start":{"line":2,"column":0},"end":{"line":2,"column":0}},"2":{"start":{"line":3,"column":0},"end":{"line":3,"column":63}},"3":{"start":{"line":4,"column":0},"end":{"line":4,"column":23}},"4":{"start":{"line":5,"column":0},"end":{"line":5,"column":24}},"5":{"start":{"line":6,"column":0},"end":{"line":6,"column":23}},"6":{"start":{"line":7,"column":0},"end":{"line":7,"column":22}},"7":{"start":{"line":8,"column":0},"end":{"line":8,"column":6}},"8":{"start":{"line":9,"column":0},"end":{"line":9,"column":82}},"9":{"start":{"line":10,"column":0},"end":{"line":10,"column":0}},"10":{"start":{"line":11,"column":0},"end":{"line":11,"column":12}},"11":{"start":{"line":12,"column":0},"end":{"line":12,"column":1}}},"s":{"0":1,"1":1,"2":1,"3":9,"4":9,"5":9,"6":9,"7":9,"8":9,"9":1,"10":1,"11":1},"branchMap":{"0":{"type":"branch","line":3,"loc":{"start":{"line":3,"column":62},"end":{"line":12,"column":1}},"locations":[{"start":{"line":3,"column":62},"end":{"line":12,"column":1}}]},"1":{"type":"branch","line":9,"loc":{"start":{"line":9,"column":20},"end":{"line":9,"column":37}},"locations":[{"start":{"line":9,"column":20},"end":{"line":9,"column":37}}]},"2":{"type":"branch","line":9,"loc":{"start":{"line":9,"column":37},"end":{"line":9,"column":53}},"locations":[{"start":{"line":9,"column":37},"end":{"line":9,"column":53}}]},"3":{"type":"branch","line":9,"loc":{"start":{"line":9,"column":53},"end":{"line":9,"column":69}},"locations":[{"start":{"line":9,"column":53},"end":{"line":9,"column":69}}]},"4":{"type":"branch","line":9,"loc":{"start":{"line":9,"column":71},"end":{"line":9,"column":82}},"locations":[{"start":{"line":9,"column":71},"end":{"line":9,"column":82}}]},"5":{"type":"branch","line":10,"loc":{"start":{"line":10,"column":-1},"end":{"line":12,"column":1}},"locations":[{"start":{"line":10,"column":-1},"end":{"line":12,"column":1}}]}},"b":{"0":[9],"1":[2],"2":[2],"3":[1],"4":[8],"5":[1]},"fnMap":{"0":{"name":"calculateOperatingTime","decl":{"start":{"line":3,"column":62},"end":{"line":12,"column":1}},"loc":{"start":{"line":3,"column":62},"end":{"line":12,"column":1}},"line":3}},"f":{"0":9}}
,"/home/ripterdust/repos/idukay/src/utils/transform.util.ts": {"path":"/home/ripterdust/repos/idukay/src/utils/transform.util.ts","all":false,"statementMap":{"0":{"start":{"line":1,"column":0},"end":{"line":1,"column":57}},"1":{"start":{"line":2,"column":0},"end":{"line":2,"column":0}},"2":{"start":{"line":3,"column":0},"end":{"line":3,"column":100}},"3":{"start":{"line":4,"column":0},"end":{"line":4,"column":16}},"4":{"start":{"line":5,"column":0},"end":{"line":5,"column":49}},"5":{"start":{"line":6,"column":0},"end":{"line":6,"column":50}},"6":{"start":{"line":7,"column":0},"end":{"line":7,"column":49}}},"s":{"0":1,"1":1,"2":1,"3":4,"4":4,"5":4,"6":4},"branchMap":{"0":{"type":"branch","line":3,"loc":{"start":{"line":3,"column":33},"end":{"line":7,"column":49}},"locations":[{"start":{"line":3,"column":33},"end":{"line":7,"column":49}}]}},"b":{"0":[4]},"fnMap":{"0":{"name":"transformResponse","decl":{"start":{"line":3,"column":33},"end":{"line":7,"column":49}},"loc":{"start":{"line":3,"column":33},"end":{"line":7,"column":49}},"line":3}},"f":{"0":4}}
}
