{"/home/ripterdust/repos/idukay/src/misc/responses.response.ts": {"path":"/home/ripterdust/repos/idukay/src/misc/responses.response.ts","all":false,"statementMap":{"0":{"start":{"line":1,"column":0},"end":{"line":1,"column":43}}},"s":{"0":1},"branchMap":{},"b":{},"fnMap":{},"f":{}}
,"/home/ripterdust/repos/idukay/src/utils/calculateMatter.util.ts": {"path":"/home/ripterdust/repos/idukay/src/utils/calculateMatter.util.ts","all":false,"statementMap":{"0":{"start":{"line":1,"column":0},"end":{"line":1,"column":54}},"1":{"start":{"line":2,"column":0},"end":{"line":2,"column":63}},"2":{"start":{"line":3,"column":0},"end":{"line":3,"column":0}},"3":{"start":{"line":4,"column":0},"end":{"line":4,"column":66}},"4":{"start":{"line":5,"column":0},"end":{"line":5,"column":20}},"5":{"start":{"line":6,"column":0},"end":{"line":6,"column":1}}},"s":{"0":1,"1":1,"2":1,"3":1,"4":2,"5":2},"branchMap":{"0":{"type":"branch","line":4,"loc":{"start":{"line":4,"column":49},"end":{"line":6,"column":1}},"locations":[{"start":{"line":4,"column":49},"end":{"line":6,"column":1}}]}},"b":{"0":[2]},"fnMap":{"0":{"name":"calculateMatter","decl":{"start":{"line":4,"column":49},"end":{"line":6,"column":1}},"loc":{"start":{"line":4,"column":49},"end":{"line":6,"column":1}},"line":4}},"f":{"0":2}}
,"/home/ripterdust/repos/idukay/src/utils/calculateOperatingTime.util.ts": {"path":"/home/ripterdust/repos/idukay/src/utils/calculateOperatingTime.util.ts","all":false,"statementMap":{"0":{"start":{"line":1,"column":0},"end":{"line":1,"column":77}},"1":{"start":{"line":2,"column":0},"end":{"line":2,"column":0}},"2":{"start":{"line":3,"column":0},"end":{"line":3,"column":63}},"3":{"start":{"line":4,"column":0},"end":{"line":4,"column":23}},"4":{"start":{"line":5,"column":0},"end":{"line":5,"column":24}},"5":{"start":{"line":6,"column":0},"end":{"line":6,"column":23}},"6":{"start":{"line":7,"column":0},"end":{"line":7,"column":22}},"7":{"start":{"line":8,"column":0},"end":{"line":8,"column":6}},"8":{"start":{"line":9,"column":0},"end":{"line":9,"column":82}},"9":{"start":{"line":10,"column":0},"end":{"line":10,"column":0}},"10":{"start":{"line":11,"column":0},"end":{"line":11,"column":12}},"11":{"start":{"line":12,"column":0},"end":{"line":12,"column":1}}},"s":{"0":1,"1":1,"2":1,"3":9,"4":9,"5":9,"6":9,"7":9,"8":9,"9":1,"10":1,"11":1},"branchMap":{"0":{"type":"branch","line":3,"loc":{"start":{"line":3,"column":62},"end":{"line":12,"column":1}},"locations":[{"start":{"line":3,"column":62},"end":{"line":12,"column":1}}]},"1":{"type":"branch","line":9,"loc":{"start":{"line":9,"column":20},"end":{"line":9,"column":37}},"locations":[{"start":{"line":9,"column":20},"end":{"line":9,"column":37}}]},"2":{"type":"branch","line":9,"loc":{"start":{"line":9,"column":37},"end":{"line":9,"column":53}},"locations":[{"start":{"line":9,"column":37},"end":{"line":9,"column":53}}]},"3":{"type":"branch","line":9,"loc":{"start":{"line":9,"column":53},"end":{"line":9,"column":69}},"locations":[{"start":{"line":9,"column":53},"end":{"line":9,"column":69}}]},"4":{"type":"branch","line":9,"loc":{"start":{"line":9,"column":71},"end":{"line":9,"column":82}},"locations":[{"start":{"line":9,"column":71},"end":{"line":9,"column":82}}]},"5":{"type":"branch","line":10,"loc":{"start":{"line":10,"column":-1},"end":{"line":12,"column":1}},"locations":[{"start":{"line":10,"column":-1},"end":{"line":12,"column":1}}]}},"b":{"0":[9],"1":[2],"2":[2],"3":[1],"4":[8],"5":[1]},"fnMap":{"0":{"name":"calculateOperatingTime","decl":{"start":{"line":3,"column":62},"end":{"line":12,"column":1}},"loc":{"start":{"line":3,"column":62},"end":{"line":12,"column":1}},"line":3}},"f":{"0":9}}
}
