TN:
SF:src/misc/responses.response.ts
FNF:0
FNH:0
DA:1,1
DA:2,1
DA:3,1
LF:3
LH:3
BRF:0
BRH:0
end_of_record
TN:
SF:src/utils/calcNecesaryPower.ts
FN:5,calcNecesaryPower
FNF:1
FNH:1
FNDA:4,calcNecesaryPower
DA:1,1
DA:2,1
DA:3,1
DA:4,1
DA:5,1
DA:6,4
DA:7,4
DA:8,4
DA:9,4
DA:10,4
DA:11,4
DA:12,4
DA:13,4
DA:14,4
DA:15,4
DA:16,4
DA:17,12
DA:18,12
DA:19,12
DA:20,11
DA:21,11
DA:22,11
DA:23,12
DA:24,12
DA:25,4
DA:26,4
DA:27,4
DA:28,4
DA:29,4
DA:30,3
DA:31,3
DA:32,8
DA:33,8
DA:34,8
DA:35,8
DA:36,3
DA:37,3
DA:38,3
DA:39,3
LF:39
LH:39
BRDA:5,0,0,4
BRDA:29,1,0,1
BRDA:30,2,0,3
BRDA:16,3,0,12
BRDA:19,4,0,11
BRDA:31,5,0,8
BRF:6
BRH:6
end_of_record
TN:
SF:src/utils/calculateMatter.util.ts
FN:17,calculateMatter
FNF:1
FNH:1
FNDA:8,calculateMatter
DA:1,1
DA:2,1
DA:3,1
DA:4,1
DA:5,1
DA:6,1
DA:7,1
DA:8,1
DA:9,1
DA:10,1
DA:11,1
DA:12,1
DA:13,1
DA:14,1
DA:15,1
DA:16,1
DA:17,1
DA:18,8
DA:19,8
DA:20,8
DA:21,8
DA:22,8
DA:23,8
DA:24,8
DA:25,4
DA:26,4
DA:27,4
DA:28,4
DA:29,4
DA:30,4
DA:31,4
DA:32,4
DA:33,4
DA:34,4
DA:35,4
DA:36,4
DA:37,4
DA:38,4
LF:38
LH:38
BRDA:17,0,0,8
BRDA:23,1,0,6
BRDA:23,2,0,6
BRDA:24,3,0,4
BRF:4
BRH:4
end_of_record
TN:
SF:src/utils/calculateOperatingTime.util.ts
FN:3,calculateOperatingTime
FNF:1
FNH:1
FNDA:8,calculateOperatingTime
DA:1,1
DA:2,1
DA:3,1
DA:4,8
DA:5,8
DA:6,8
DA:7,8
DA:8,8
DA:9,8
DA:10,3
DA:11,3
DA:12,5
DA:13,5
LF:13
LH:13
BRDA:3,0,0,8
BRDA:9,1,0,6
BRDA:9,2,0,6
BRDA:9,3,0,4
BRDA:9,4,0,3
BRDA:11,5,0,5
BRF:6
BRH:6
end_of_record
TN:
SF:src/utils/transform.util.ts
FN:3,transformResponse
FNF:1
FNH:1
FNDA:7,transformResponse
DA:1,1
DA:2,1
DA:3,1
DA:4,7
DA:5,7
DA:6,7
DA:7,7
LF:7
LH:7
BRDA:3,0,0,7
BRF:1
BRH:1
end_of_record
